<?xml version="1.0" encoding="UTF-8"?>
<testsuite name="com.lagecompany.infinity.IsometricTileMapTest" tests="6" skipped="0" failures="0" errors="0" timestamp="2018-12-24T10:20:40" hostname="ubuntu-desktop" time="0.029">
  <properties/>
  <testcase name="testCellCount()" classname="com.lagecompany.infinity.IsometricTileMapTest" time="0.013"/>
  <testcase name="testToIndex()" classname="com.lagecompany.infinity.IsometricTileMapTest" time="0.0"/>
  <testcase name="testDestroyCellAt()" classname="com.lagecompany.infinity.IsometricTileMapTest" time="0.001"/>
  <testcase name="testToPosition()" classname="com.lagecompany.infinity.IsometricTileMapTest" time="0.001"/>
  <testcase name="testInstanciateIsometricTileMap()" classname="com.lagecompany.infinity.IsometricTileMapTest" time="0.005"/>
  <testcase name="testCreateCellAt()" classname="com.lagecompany.infinity.IsometricTileMapTest" time="0.004"/>
  <system-out><![CDATA[]]></system-out>
  <system-err><![CDATA[]]></system-err>
</testsuite>
