<?xml version="1.0" encoding="UTF-8"?>
<testsuite name="com.lagecompany.infinity.IsometricTileMapTest" tests="4" skipped="0" failures="0" errors="0" timestamp="2018-12-23T19:00:31" hostname="ubuntu-desktop" time="0.022">
  <properties/>
  <testcase name="testToIndex()" classname="com.lagecompany.infinity.IsometricTileMapTest" time="0.011"/>
  <testcase name="testToPosition()" classname="com.lagecompany.infinity.IsometricTileMapTest" time="0.001"/>
  <testcase name="testInstanciateIsometricTileMap()" classname="com.lagecompany.infinity.IsometricTileMapTest" time="0.007"/>
  <testcase name="testCreateCellAt()" classname="com.lagecompany.infinity.IsometricTileMapTest" time="0.0"/>
  <system-out><![CDATA[]]></system-out>
  <system-err><![CDATA[]]></system-err>
</testsuite>
